2026-03-05 10:59:55,433 [Worker-9: Loading available Gradle versions] INFO  o.e.b.c.i.u.g.PublishedGradleVersions - Gradle version information cache is not available. Remote download required.
2026-03-05 11:00:16,710 [Worker-6: Importing Maven projects] INFO  o.e.m.c.i.l.LifecycleMappingFactory - Using org.eclipse.m2e.jdt.JarLifecycleMapping lifecycle mapping for MavenProject: com.substring.auth:auth-app:0.0.1-SNAPSHOT @ D:\Presentation\MSPresentation\auth-app\pom.xml.
2026-03-05 11:00:18,084 [Worker-6: Importing Maven projects] WARN  o.e.m.c.i.embedder.EclipseLogger - The artifact mysql:mysql-connector-java:jar:8.0.33 has been relocated to com.mysql:mysql-connector-j:jar:8.0.33: MySQL Connector/J artifacts moved to reverse-DNS compliant Maven 2+ coordinates.
2026-03-05 11:00:18,476 [Worker-6: Importing Maven projects] INFO  o.e.m.c.i.l.LifecycleMappingFactory - Using org.eclipse.m2e.jdt.JarLifecycleMapping lifecycle mapping for MavenProject: com.example:card-service:0.0.1-SNAPSHOT @ D:\Presentation\MSPresentation\card-service\pom.xml.
2026-03-05 11:00:19,086 [Worker-6: Importing Maven projects] INFO  o.e.m.c.i.e.AbstractTransferListenerAdapter - Downloading https://repo.maven.apache.org/maven2/org/springframework/boot/spring-boot-starter-validation/4.0.3/spring-boot-starter-validation-4.0.3.pom
2026-03-05 11:00:19,145 [Worker-6: Importing Maven projects] INFO  o.e.m.c.i.e.AbstractTransferListenerAdapter - Downloaded https://repo.maven.apache.org/maven2/org/springframework/boot/spring-boot-starter-validation/4.0.3/spring-boot-starter-validation-4.0.3.pom
2026-03-05 11:00:19,286 [Worker-6: Importing Maven projects] INFO  o.e.m.c.i.e.AbstractTransferListenerAdapter - Downloading https://repo.maven.apache.org/maven2/org/springframework/boot/spring-boot-validation/4.0.3/spring-boot-validation-4.0.3.pom
2026-03-05 11:00:19,296 [Worker-6: Importing Maven projects] INFO  o.e.m.c.i.e.AbstractTransferListenerAdapter - Downloaded https://repo.maven.apache.org/maven2/org/springframework/boot/spring-boot-validation/4.0.3/spring-boot-validation-4.0.3.pom
2026-03-05 11:00:19,487 [Worker-6: Importing Maven projects] INFO  o.e.m.c.i.e.AbstractTransferListenerAdapter - Downloading https://repo.maven.apache.org/maven2/org/postgresql/postgresql/42.7.10/postgresql-42.7.10.pom
2026-03-05 11:00:19,496 [Worker-6: Importing Maven projects] INFO  o.e.m.c.i.e.AbstractTransferListenerAdapter - Downloaded https://repo.maven.apache.org/maven2/org/postgresql/postgresql/42.7.10/postgresql-42.7.10.pom
2026-03-05 11:00:19,583 [Worker-6: Importing Maven projects] INFO  o.e.m.c.i.e.AbstractTransferListenerAdapter - Downloading https://repo.maven.apache.org/maven2/org/checkerframework/checker-qual/3.52.0/checker-qual-3.52.0.pom
2026-03-05 11:00:19,592 [Worker-6: Importing Maven projects] INFO  o.e.m.c.i.e.AbstractTransferListenerAdapter - Downloaded https://repo.maven.apache.org/maven2/org/checkerframework/checker-qual/3.52.0/checker-qual-3.52.0.pom
2026-03-05 11:00:19,786 [Worker-6: Importing Maven projects] INFO  o.e.m.c.i.e.AbstractTransferListenerAdapter - Downloading https://repo.maven.apache.org/maven2/org/springframework/boot/spring-boot-starter-validation-test/4.0.3/spring-boot-starter-validation-test-4.0.3.pom
2026-03-05 11:00:19,794 [Worker-6: Importing Maven projects] INFO  o.e.m.c.i.e.AbstractTransferListenerAdapter - Downloaded https://repo.maven.apache.org/maven2/org/springframework/boot/spring-boot-starter-validation-test/4.0.3/spring-boot-starter-validation-test-4.0.3.pom
2026-03-05 11:00:20,301 [Worker-6: Importing Maven projects] INFO  o.e.m.c.i.e.AbstractTransferListenerAdapter - Downloading https://repo.maven.apache.org/maven2/org/springframework/boot/spring-boot-starter-validation/4.0.3/spring-boot-starter-validation-4.0.3.jar
2026-03-05 11:00:20,324 [Worker-6: Importing Maven projects] INFO  o.e.m.c.i.e.AbstractTransferListenerAdapter - Downloaded https://repo.maven.apache.org/maven2/org/springframework/boot/spring-boot-starter-validation/4.0.3/spring-boot-starter-validation-4.0.3.jar
2026-03-05 11:00:20,361 [BasicRepositoryConnector-repo.maven.apache.org-0-1] INFO  o.e.m.c.i.e.AbstractTransferListenerAdapter - Downloading https://repo.maven.apache.org/maven2/org/postgresql/postgresql/42.7.10/postgresql-42.7.10.jar
2026-03-05 11:00:20,395 [BasicRepositoryConnector-repo.maven.apache.org-0-0] INFO  o.e.m.c.i.e.AbstractTransferListenerAdapter - Downloading https://repo.maven.apache.org/maven2/org/springframework/boot/spring-boot-validation/4.0.3/spring-boot-validation-4.0.3.jar
2026-03-05 11:00:20,414 [BasicRepositoryConnector-repo.maven.apache.org-0-0] INFO  o.e.m.c.i.e.AbstractTransferListenerAdapter - Downloaded https://repo.maven.apache.org/maven2/org/springframework/boot/spring-boot-validation/4.0.3/spring-boot-validation-4.0.3.jar
2026-03-05 11:00:20,425 [BasicRepositoryConnector-repo.maven.apache.org-0-2] INFO  o.e.m.c.i.e.AbstractTransferListenerAdapter - Downloading https://repo.maven.apache.org/maven2/org/checkerframework/checker-qual/3.52.0/checker-qual-3.52.0.jar
2026-03-05 11:00:20,429 [BasicRepositoryConnector-repo.maven.apache.org-0-3] INFO  o.e.m.c.i.e.AbstractTransferListenerAdapter - Downloading https://repo.maven.apache.org/maven2/org/springframework/boot/spring-boot-starter-validation-test/4.0.3/spring-boot-starter-validation-test-4.0.3.jar
2026-03-05 11:00:20,441 [BasicRepositoryConnector-repo.maven.apache.org-0-3] INFO  o.e.m.c.i.e.AbstractTransferListenerAdapter - Downloaded https://repo.maven.apache.org/maven2/org/springframework/boot/spring-boot-starter-validation-test/4.0.3/spring-boot-starter-validation-test-4.0.3.jar
2026-03-05 11:00:20,501 [BasicRepositoryConnector-repo.maven.apache.org-0-2] INFO  o.e.m.c.i.e.AbstractTransferListenerAdapter - Downloaded https://repo.maven.apache.org/maven2/org/checkerframework/checker-qual/3.52.0/checker-qual-3.52.0.jar
2026-03-05 11:00:20,553 [BasicRepositoryConnector-repo.maven.apache.org-0-1] INFO  o.e.m.c.i.e.AbstractTransferListenerAdapter - Downloaded https://repo.maven.apache.org/maven2/org/postgresql/postgresql/42.7.10/postgresql-42.7.10.jar
2026-03-05 11:00:22,756 [Worker-3: Download sources and javadoc] INFO  o.e.m.c.i.e.AbstractTransferListenerAdapter - Downloading https://repo.maven.apache.org/maven2/org/springframework/boot/spring-boot-starter-validation/4.0.3/spring-boot-starter-validation-4.0.3-sources.jar
2026-03-05 11:00:22,766 [Worker-3: Download sources and javadoc] INFO  o.e.m.c.i.e.AbstractTransferListenerAdapter - Downloaded https://repo.maven.apache.org/maven2/org/springframework/boot/spring-boot-starter-validation/4.0.3/spring-boot-starter-validation-4.0.3-sources.jar
2026-03-05 11:00:22,776 [Worker-3: Download sources and javadoc] INFO  o.e.m.j.internal.DownloadSourcesJob - Downloaded sources for org.springframework.boot:spring-boot-starter-validation:4.0.3
2026-03-05 11:00:22,960 [Worker-3: Download sources and javadoc] INFO  o.e.m.c.i.e.AbstractTransferListenerAdapter - Downloading https://repo.maven.apache.org/maven2/org/springframework/boot/spring-boot-validation/4.0.3/spring-boot-validation-4.0.3-sources.jar
2026-03-05 11:00:22,972 [Worker-3: Download sources and javadoc] INFO  o.e.m.c.i.e.AbstractTransferListenerAdapter - Downloaded https://repo.maven.apache.org/maven2/org/springframework/boot/spring-boot-validation/4.0.3/spring-boot-validation-4.0.3-sources.jar
2026-03-05 11:00:22,980 [Worker-3: Download sources and javadoc] INFO  o.e.m.j.internal.DownloadSourcesJob - Downloaded sources for org.springframework.boot:spring-boot-validation:4.0.3
2026-03-05 11:00:23,168 [Worker-3: Download sources and javadoc] INFO  o.e.m.c.i.e.AbstractTransferListenerAdapter - Downloading https://repo.maven.apache.org/maven2/org/postgresql/postgresql/42.7.10/postgresql-42.7.10-sources.jar
2026-03-05 11:00:23,258 [Worker-3: Download sources and javadoc] INFO  o.e.m.c.i.e.AbstractTransferListenerAdapter - Downloaded https://repo.maven.apache.org/maven2/org/postgresql/postgresql/42.7.10/postgresql-42.7.10-sources.jar
2026-03-05 11:00:23,264 [Worker-3: Download sources and javadoc] INFO  o.e.m.j.internal.DownloadSourcesJob - Downloaded sources for org.postgresql:postgresql:42.7.10
2026-03-05 11:00:23,341 [Worker-6: Importing Maven projects] INFO  o.e.m.j.i.AbstractJavaProjectConfigurator - Adding source folder /auth-app/src/main/java
2026-03-05 11:00:23,345 [Worker-6: Importing Maven projects] INFO  o.e.m.j.i.AbstractJavaProjectConfigurator - Adding resource folder /auth-app/src/main/resources
2026-03-05 11:00:23,353 [Worker-6: Importing Maven projects] INFO  o.e.m.j.i.AbstractJavaProjectConfigurator - Adding resource folder /auth-app/src/main/resources
2026-03-05 11:00:23,361 [Worker-6: Importing Maven projects] INFO  o.e.m.j.i.AbstractJavaProjectConfigurator - Adding source folder /auth-app/src/test/java
2026-03-05 11:00:23,363 [Worker-6: Importing Maven projects] INFO  o.e.m.j.i.AbstractJavaProjectConfigurator - Adding resource folder /auth-app/src/test/resources
2026-03-05 11:00:23,381 [Worker-3: Download sources and javadoc] INFO  o.e.m.c.i.e.AbstractTransferListenerAdapter - Downloading https://repo.maven.apache.org/maven2/org/checkerframework/checker-qual/3.52.0/checker-qual-3.52.0-sources.jar
2026-03-05 11:00:23,432 [Worker-3: Download sources and javadoc] INFO  o.e.m.c.i.e.AbstractTransferListenerAdapter - Downloaded https://repo.maven.apache.org/maven2/org/checkerframework/checker-qual/3.52.0/checker-qual-3.52.0-sources.jar
2026-03-05 11:00:23,440 [Worker-3: Download sources and javadoc] INFO  o.e.m.j.internal.DownloadSourcesJob - Downloaded sources for org.checkerframework:checker-qual:3.52.0
2026-03-05 11:00:23,596 [Worker-3: Download sources and javadoc] INFO  o.e.m.c.i.e.AbstractTransferListenerAdapter - Downloading https://repo.maven.apache.org/maven2/org/springframework/boot/spring-boot-starter-validation-test/4.0.3/spring-boot-starter-validation-test-4.0.3-sources.jar
2026-03-05 11:00:23,604 [Worker-3: Download sources and javadoc] INFO  o.e.m.c.i.e.AbstractTransferListenerAdapter - Downloaded https://repo.maven.apache.org/maven2/org/springframework/boot/spring-boot-starter-validation-test/4.0.3/spring-boot-starter-validation-test-4.0.3-sources.jar
2026-03-05 11:00:23,612 [Worker-3: Download sources and javadoc] INFO  o.e.m.j.internal.DownloadSourcesJob - Downloaded sources for org.springframework.boot:spring-boot-starter-validation-test:4.0.3
2026-03-05 11:00:24,254 [Worker-6: Importing Maven projects] WARN  o.apache.maven.project.MavenProject - Direct modification of compileSourceRoots through clear() is deprecated and will not work in Maven 4.0.0. Please use the add/remove methods instead. If you're using a plugin that causes this warning, please upgrade to the latest version and report an issue if the warning persists. To disable these warnings, set -Dmaven.project.sourceRoots.warningsDisabled=true on the command line, in the .mvn/maven.config file, or in project POM properties.
2026-03-05 11:00:24,256 [Worker-6: Importing Maven projects] WARN  o.apache.maven.project.MavenProject - Direct modification of compileSourceRoots through add() is deprecated and will not work in Maven 4.0.0. Please use the add/remove methods instead. If you're using a plugin that causes this warning, please upgrade to the latest version and report an issue if the warning persists. To disable these warnings, set -Dmaven.project.sourceRoots.warningsDisabled=true on the command line, in the .mvn/maven.config file, or in project POM properties.
2026-03-05 11:00:24,257 [Worker-6: Importing Maven projects] WARN  o.apache.maven.project.MavenProject - Direct modification of testCompileSourceRoots through clear() is deprecated and will not work in Maven 4.0.0. Please use the add/remove methods instead. If you're using a plugin that causes this warning, please upgrade to the latest version and report an issue if the warning persists. To disable these warnings, set -Dmaven.project.sourceRoots.warningsDisabled=true on the command line, in the .mvn/maven.config file, or in project POM properties.
2026-03-05 11:00:24,258 [Worker-6: Importing Maven projects] WARN  o.apache.maven.project.MavenProject - Direct modification of testCompileSourceRoots through add() is deprecated and will not work in Maven 4.0.0. Please use the add/remove methods instead. If you're using a plugin that causes this warning, please upgrade to the latest version and report an issue if the warning persists. To disable these warnings, set -Dmaven.project.sourceRoots.warningsDisabled=true on the command line, in the .mvn/maven.config file, or in project POM properties.
2026-03-05 11:00:24,476 [Worker-6: Importing Maven projects] INFO  o.e.m.j.i.AbstractJavaProjectConfigurator - Adding source folder /card-service/src/main/java
2026-03-05 11:00:24,478 [Worker-6: Importing Maven projects] INFO  o.e.m.j.i.AbstractJavaProjectConfigurator - Adding resource folder /card-service/src/main/resources
2026-03-05 11:00:24,484 [Worker-6: Importing Maven projects] INFO  o.e.m.j.i.AbstractJavaProjectConfigurator - Adding resource folder /card-service/src/main/resources
2026-03-05 11:00:24,490 [Worker-6: Importing Maven projects] INFO  o.e.m.j.i.AbstractJavaProjectConfigurator - Adding source folder /card-service/src/test/java
2026-03-05 11:00:24,492 [Worker-6: Importing Maven projects] INFO  o.e.m.j.i.AbstractJavaProjectConfigurator - Adding resource folder /card-service/src/test/resources
2026-03-05 11:00:25,263 [Worker-6: Importing Maven projects] WARN  o.apache.maven.project.MavenProject - Direct modification of compileSourceRoots through clear() is deprecated and will not work in Maven 4.0.0. Please use the add/remove methods instead. If you're using a plugin that causes this warning, please upgrade to the latest version and report an issue if the warning persists. To disable these warnings, set -Dmaven.project.sourceRoots.warningsDisabled=true on the command line, in the .mvn/maven.config file, or in project POM properties.
2026-03-05 11:00:25,264 [Worker-6: Importing Maven projects] WARN  o.apache.maven.project.MavenProject - Direct modification of compileSourceRoots through add() is deprecated and will not work in Maven 4.0.0. Please use the add/remove methods instead. If you're using a plugin that causes this warning, please upgrade to the latest version and report an issue if the warning persists. To disable these warnings, set -Dmaven.project.sourceRoots.warningsDisabled=true on the command line, in the .mvn/maven.config file, or in project POM properties.
2026-03-05 11:00:25,265 [Worker-6: Importing Maven projects] WARN  o.apache.maven.project.MavenProject - Direct modification of testCompileSourceRoots through clear() is deprecated and will not work in Maven 4.0.0. Please use the add/remove methods instead. If you're using a plugin that causes this warning, please upgrade to the latest version and report an issue if the warning persists. To disable these warnings, set -Dmaven.project.sourceRoots.warningsDisabled=true on the command line, in the .mvn/maven.config file, or in project POM properties.
2026-03-05 11:00:25,266 [Worker-6: Importing Maven projects] WARN  o.apache.maven.project.MavenProject - Direct modification of testCompileSourceRoots through add() is deprecated and will not work in Maven 4.0.0. Please use the add/remove methods instead. If you're using a plugin that causes this warning, please upgrade to the latest version and report an issue if the warning persists. To disable these warnings, set -Dmaven.project.sourceRoots.warningsDisabled=true on the command line, in the .mvn/maven.config file, or in project POM properties.
2026-03-05 11:00:25,286 [Worker-6: Importing Maven projects] INFO  o.e.m.c.i.p.ProjectConfigurationManager - Imported and configured 2 project(s) in 12 sec
2026-03-05 11:00:25,836 [main] INFO  o.e.m2e.actions.ExecutePomAction - Creating new launch configuration
2026-03-05 11:00:25,982 [Worker-12: Updating Maven Project] INFO  o.e.m.c.i.p.ProjectConfigurationManager - Update started
2026-03-05 11:00:28,355 [main] WARN  o.e.m.c.i.embedder.EclipseLogger - The artifact mysql:mysql-connector-java:jar:8.0.33 has been relocated to com.mysql:mysql-connector-j:jar:8.0.33: MySQL Connector/J artifacts moved to reverse-DNS compliant Maven 2+ coordinates.
2026-03-05 11:00:28,674 [Worker-12: Updating Maven Project] INFO  o.e.m.c.i.l.LifecycleMappingFactory - Using org.eclipse.m2e.jdt.JarLifecycleMapping lifecycle mapping for MavenProject: com.substring.auth:auth-app:0.0.1-SNAPSHOT @ D:\Presentation\MSPresentation\auth-app\pom.xml.
2026-03-05 11:00:29,464 [Worker-12: Updating Maven Project] WARN  o.e.m.c.i.embedder.EclipseLogger - The artifact mysql:mysql-connector-java:jar:8.0.33 has been relocated to com.mysql:mysql-connector-j:jar:8.0.33: MySQL Connector/J artifacts moved to reverse-DNS compliant Maven 2+ coordinates.
2026-03-05 11:00:29,796 [Worker-12: Updating Maven Project] INFO  o.e.m.c.i.l.LifecycleMappingFactory - Using org.eclipse.m2e.jdt.JarLifecycleMapping lifecycle mapping for MavenProject: com.example:card-service:0.0.1-SNAPSHOT @ D:\Presentation\MSPresentation\card-service\pom.xml.
2026-03-05 11:00:31,770 [Worker-12: Updating Maven Project] INFO  o.e.m.j.i.AbstractJavaProjectConfigurator - Adding source folder /auth-app/src/main/java
2026-03-05 11:00:31,772 [Worker-12: Updating Maven Project] INFO  o.e.m.j.i.AbstractJavaProjectConfigurator - Adding resource folder /auth-app/src/main/resources
2026-03-05 11:00:31,773 [Worker-12: Updating Maven Project] INFO  o.e.m.j.i.AbstractJavaProjectConfigurator - Adding resource folder /auth-app/src/main/resources
2026-03-05 11:00:31,775 [Worker-12: Updating Maven Project] INFO  o.e.m.j.i.AbstractJavaProjectConfigurator - Adding source folder /auth-app/src/test/java
2026-03-05 11:00:31,776 [Worker-12: Updating Maven Project] INFO  o.e.m.j.i.AbstractJavaProjectConfigurator - Adding resource folder /auth-app/src/test/resources
2026-03-05 11:00:32,543 [Worker-12: Updating Maven Project] WARN  o.apache.maven.project.MavenProject - Direct modification of compileSourceRoots through clear() is deprecated and will not work in Maven 4.0.0. Please use the add/remove methods instead. If you're using a plugin that causes this warning, please upgrade to the latest version and report an issue if the warning persists. To disable these warnings, set -Dmaven.project.sourceRoots.warningsDisabled=true on the command line, in the .mvn/maven.config file, or in project POM properties.
2026-03-05 11:00:32,545 [Worker-12: Updating Maven Project] WARN  o.apache.maven.project.MavenProject - Direct modification of compileSourceRoots through add() is deprecated and will not work in Maven 4.0.0. Please use the add/remove methods instead. If you're using a plugin that causes this warning, please upgrade to the latest version and report an issue if the warning persists. To disable these warnings, set -Dmaven.project.sourceRoots.warningsDisabled=true on the command line, in the .mvn/maven.config file, or in project POM properties.
2026-03-05 11:00:32,546 [Worker-12: Updating Maven Project] WARN  o.apache.maven.project.MavenProject - Direct modification of testCompileSourceRoots through clear() is deprecated and will not work in Maven 4.0.0. Please use the add/remove methods instead. If you're using a plugin that causes this warning, please upgrade to the latest version and report an issue if the warning persists. To disable these warnings, set -Dmaven.project.sourceRoots.warningsDisabled=true on the command line, in the .mvn/maven.config file, or in project POM properties.
2026-03-05 11:00:32,547 [Worker-12: Updating Maven Project] WARN  o.apache.maven.project.MavenProject - Direct modification of testCompileSourceRoots through add() is deprecated and will not work in Maven 4.0.0. Please use the add/remove methods instead. If you're using a plugin that causes this warning, please upgrade to the latest version and report an issue if the warning persists. To disable these warnings, set -Dmaven.project.sourceRoots.warningsDisabled=true on the command line, in the .mvn/maven.config file, or in project POM properties.
2026-03-05 11:00:32,702 [Worker-12: Updating Maven Project] INFO  o.e.m.j.i.AbstractJavaProjectConfigurator - Adding source folder /card-service/src/main/java
2026-03-05 11:00:32,704 [Worker-12: Updating Maven Project] INFO  o.e.m.j.i.AbstractJavaProjectConfigurator - Adding resource folder /card-service/src/main/resources
2026-03-05 11:00:32,706 [Worker-12: Updating Maven Project] INFO  o.e.m.j.i.AbstractJavaProjectConfigurator - Adding resource folder /card-service/src/main/resources
2026-03-05 11:00:32,708 [Worker-12: Updating Maven Project] INFO  o.e.m.j.i.AbstractJavaProjectConfigurator - Adding source folder /card-service/src/test/java
2026-03-05 11:00:32,709 [Worker-12: Updating Maven Project] INFO  o.e.m.j.i.AbstractJavaProjectConfigurator - Adding resource folder /card-service/src/test/resources
2026-03-05 11:00:33,657 [Worker-12: Updating Maven Project] WARN  o.apache.maven.project.MavenProject - Direct modification of compileSourceRoots through clear() is deprecated and will not work in Maven 4.0.0. Please use the add/remove methods instead. If you're using a plugin that causes this warning, please upgrade to the latest version and report an issue if the warning persists. To disable these warnings, set -Dmaven.project.sourceRoots.warningsDisabled=true on the command line, in the .mvn/maven.config file, or in project POM properties.
2026-03-05 11:00:33,659 [Worker-12: Updating Maven Project] WARN  o.apache.maven.project.MavenProject - Direct modification of compileSourceRoots through add() is deprecated and will not work in Maven 4.0.0. Please use the add/remove methods instead. If you're using a plugin that causes this warning, please upgrade to the latest version and report an issue if the warning persists. To disable these warnings, set -Dmaven.project.sourceRoots.warningsDisabled=true on the command line, in the .mvn/maven.config file, or in project POM properties.
2026-03-05 11:00:33,660 [Worker-12: Updating Maven Project] WARN  o.apache.maven.project.MavenProject - Direct modification of testCompileSourceRoots through clear() is deprecated and will not work in Maven 4.0.0. Please use the add/remove methods instead. If you're using a plugin that causes this warning, please upgrade to the latest version and report an issue if the warning persists. To disable these warnings, set -Dmaven.project.sourceRoots.warningsDisabled=true on the command line, in the .mvn/maven.config file, or in project POM properties.
2026-03-05 11:00:33,661 [Worker-12: Updating Maven Project] WARN  o.apache.maven.project.MavenProject - Direct modification of testCompileSourceRoots through add() is deprecated and will not work in Maven 4.0.0. Please use the add/remove methods instead. If you're using a plugin that causes this warning, please upgrade to the latest version and report an issue if the warning persists. To disable these warnings, set -Dmaven.project.sourceRoots.warningsDisabled=true on the command line, in the .mvn/maven.config file, or in project POM properties.
2026-03-05 11:00:34,342 [Worker-12: Updating Maven Project] INFO  o.e.m.c.i.p.ProjectConfigurationManager - Update completed for 2 poms: local refresh takes 0.00 sec, refresh facades takes 5.00 sec, update config takes 1.00 sec 
2026-03-05 11:00:37,774 [Worker-4: Building] INFO  o.a.m.s.f.DefaultMavenResourcesFiltering - Copying 4 resources from src\main\resources to target\classes
2026-03-05 11:00:37,802 [Worker-4: Building] INFO  o.a.m.s.f.DefaultMavenResourcesFiltering - Copying 0 resource from src\main\resources to target\classes
2026-03-05 11:00:37,808 [Worker-4: Building] INFO  o.a.m.s.f.DefaultMavenResourcesFiltering - skip non existing resourceDirectory D:\Presentation\MSPresentation\auth-app\src\test\resources
2026-03-05 11:00:38,400 [Worker-4: Building] WARN  o.apache.maven.project.MavenProject - Direct modification of compileSourceRoots through clear() is deprecated and will not work in Maven 4.0.0. Please use the add/remove methods instead. If you're using a plugin that causes this warning, please upgrade to the latest version and report an issue if the warning persists. To disable these warnings, set -Dmaven.project.sourceRoots.warningsDisabled=true on the command line, in the .mvn/maven.config file, or in project POM properties.
2026-03-05 11:00:38,402 [Worker-4: Building] WARN  o.apache.maven.project.MavenProject - Direct modification of compileSourceRoots through add() is deprecated and will not work in Maven 4.0.0. Please use the add/remove methods instead. If you're using a plugin that causes this warning, please upgrade to the latest version and report an issue if the warning persists. To disable these warnings, set -Dmaven.project.sourceRoots.warningsDisabled=true on the command line, in the .mvn/maven.config file, or in project POM properties.
2026-03-05 11:00:38,403 [Worker-4: Building] WARN  o.apache.maven.project.MavenProject - Direct modification of testCompileSourceRoots through clear() is deprecated and will not work in Maven 4.0.0. Please use the add/remove methods instead. If you're using a plugin that causes this warning, please upgrade to the latest version and report an issue if the warning persists. To disable these warnings, set -Dmaven.project.sourceRoots.warningsDisabled=true on the command line, in the .mvn/maven.config file, or in project POM properties.
2026-03-05 11:00:38,404 [Worker-4: Building] WARN  o.apache.maven.project.MavenProject - Direct modification of testCompileSourceRoots through add() is deprecated and will not work in Maven 4.0.0. Please use the add/remove methods instead. If you're using a plugin that causes this warning, please upgrade to the latest version and report an issue if the warning persists. To disable these warnings, set -Dmaven.project.sourceRoots.warningsDisabled=true on the command line, in the .mvn/maven.config file, or in project POM properties.
2026-03-05 11:00:39,001 [Worker-4: Building] INFO  o.a.m.s.f.DefaultMavenResourcesFiltering - Copying 1 resource from src\main\resources to target\classes
2026-03-05 11:00:39,019 [Worker-4: Building] INFO  o.a.m.s.f.DefaultMavenResourcesFiltering - Copying 0 resource from src\main\resources to target\classes
2026-03-05 11:00:39,024 [Worker-4: Building] INFO  o.a.m.s.f.DefaultMavenResourcesFiltering - skip non existing resourceDirectory D:\Presentation\MSPresentation\card-service\src\test\resources
2026-03-05 11:00:39,073 [Worker-4: Building] WARN  o.apache.maven.project.MavenProject - Direct modification of compileSourceRoots through clear() is deprecated and will not work in Maven 4.0.0. Please use the add/remove methods instead. If you're using a plugin that causes this warning, please upgrade to the latest version and report an issue if the warning persists. To disable these warnings, set -Dmaven.project.sourceRoots.warningsDisabled=true on the command line, in the .mvn/maven.config file, or in project POM properties.
2026-03-05 11:00:39,074 [Worker-4: Building] WARN  o.apache.maven.project.MavenProject - Direct modification of compileSourceRoots through add() is deprecated and will not work in Maven 4.0.0. Please use the add/remove methods instead. If you're using a plugin that causes this warning, please upgrade to the latest version and report an issue if the warning persists. To disable these warnings, set -Dmaven.project.sourceRoots.warningsDisabled=true on the command line, in the .mvn/maven.config file, or in project POM properties.
2026-03-05 11:00:39,075 [Worker-4: Building] WARN  o.apache.maven.project.MavenProject - Direct modification of testCompileSourceRoots through clear() is deprecated and will not work in Maven 4.0.0. Please use the add/remove methods instead. If you're using a plugin that causes this warning, please upgrade to the latest version and report an issue if the warning persists. To disable these warnings, set -Dmaven.project.sourceRoots.warningsDisabled=true on the command line, in the .mvn/maven.config file, or in project POM properties.
2026-03-05 11:00:39,076 [Worker-4: Building] WARN  o.apache.maven.project.MavenProject - Direct modification of testCompileSourceRoots through add() is deprecated and will not work in Maven 4.0.0. Please use the add/remove methods instead. If you're using a plugin that causes this warning, please upgrade to the latest version and report an issue if the warning persists. To disable these warnings, set -Dmaven.project.sourceRoots.warningsDisabled=true on the command line, in the .mvn/maven.config file, or in project POM properties.
2026-03-05 11:00:45,361 [Worker-1: Launching auth-app] INFO  o.eclipse.m2e.core.internal.Bundles - getClasspathEntries(Bundle=org.eclipse.m2e.maven.runtime_3.9.1101.20251020-1549 [372])
2026-03-05 11:00:45,364 [Worker-1: Launching auth-app] INFO  o.eclipse.m2e.core.internal.Bundles - 	Entry: D:\STS\Software\sts-5.0.1.RELEASE\plugins\org.eclipse.m2e.maven.runtime_3.9.1101.20251020-1549
2026-03-05 11:00:45,364 [Worker-1: Launching auth-app] INFO  o.eclipse.m2e.core.internal.Bundles - 	Entry: D:\STS\Software\sts-5.0.1.RELEASE\plugins\org.eclipse.m2e.maven.runtime_3.9.1101.20251020-1549\jars\aopalliance-1.0.jar
2026-03-05 11:00:45,364 [Worker-1: Launching auth-app] INFO  o.eclipse.m2e.core.internal.Bundles - 	Entry: D:\STS\Software\sts-5.0.1.RELEASE\plugins\org.eclipse.m2e.maven.runtime_3.9.1101.20251020-1549\jars\asm-9.8.jar
2026-03-05 11:00:45,364 [Worker-1: Launching auth-app] INFO  o.eclipse.m2e.core.internal.Bundles - 	Entry: D:\STS\Software\sts-5.0.1.RELEASE\plugins\org.eclipse.m2e.maven.runtime_3.9.1101.20251020-1549\jars\error_prone_annotations-2.38.0.jar
2026-03-05 11:00:45,365 [Worker-1: Launching auth-app] INFO  o.eclipse.m2e.core.internal.Bundles - 	Entry: D:\STS\Software\sts-5.0.1.RELEASE\plugins\org.eclipse.m2e.maven.runtime_3.9.1101.20251020-1549\jars\gson-2.13.1.jar
2026-03-05 11:00:45,365 [Worker-1: Launching auth-app] INFO  o.eclipse.m2e.core.internal.Bundles - 	Entry: D:\STS\Software\sts-5.0.1.RELEASE\plugins\org.eclipse.m2e.maven.runtime_3.9.1101.20251020-1549\jars\guice-5.1.0-classes.jar
2026-03-05 11:00:45,365 [Worker-1: Launching auth-app] INFO  o.eclipse.m2e.core.internal.Bundles - 	Entry: D:\STS\Software\sts-5.0.1.RELEASE\plugins\org.eclipse.m2e.maven.runtime_3.9.1101.20251020-1549\jars\httpclient-4.5.14.jar
2026-03-05 11:00:45,365 [Worker-1: Launching auth-app] INFO  o.eclipse.m2e.core.internal.Bundles - 	Entry: D:\STS\Software\sts-5.0.1.RELEASE\plugins\org.eclipse.m2e.maven.runtime_3.9.1101.20251020-1549\jars\httpcore-4.4.16.jar
2026-03-05 11:00:45,365 [Worker-1: Launching auth-app] INFO  o.eclipse.m2e.core.internal.Bundles - 	Entry: D:\STS\Software\sts-5.0.1.RELEASE\plugins\org.eclipse.m2e.maven.runtime_3.9.1101.20251020-1549\jars\jansi-2.4.2.jar
2026-03-05 11:00:45,365 [Worker-1: Launching auth-app] INFO  o.eclipse.m2e.core.internal.Bundles - 	Entry: D:\STS\Software\sts-5.0.1.RELEASE\plugins\org.eclipse.m2e.maven.runtime_3.9.1101.20251020-1549\jars\jcl-over-slf4j-1.7.36.jar
2026-03-05 11:00:45,365 [Worker-1: Launching auth-app] INFO  o.eclipse.m2e.core.internal.Bundles - 	Entry: D:\STS\Software\sts-5.0.1.RELEASE\plugins\org.eclipse.m2e.maven.runtime_3.9.1101.20251020-1549\jars\maven-artifact-3.9.11.jar
2026-03-05 11:00:45,365 [Worker-1: Launching auth-app] INFO  o.eclipse.m2e.core.internal.Bundles - 	Entry: D:\STS\Software\sts-5.0.1.RELEASE\plugins\org.eclipse.m2e.maven.runtime_3.9.1101.20251020-1549\jars\maven-builder-support-3.9.11.jar
2026-03-05 11:00:45,366 [Worker-1: Launching auth-app] INFO  o.eclipse.m2e.core.internal.Bundles - 	Entry: D:\STS\Software\sts-5.0.1.RELEASE\plugins\org.eclipse.m2e.maven.runtime_3.9.1101.20251020-1549\jars\maven-compat-3.9.11.jar
2026-03-05 11:00:45,366 [Worker-1: Launching auth-app] INFO  o.eclipse.m2e.core.internal.Bundles - 	Entry: D:\STS\Software\sts-5.0.1.RELEASE\plugins\org.eclipse.m2e.maven.runtime_3.9.1101.20251020-1549\jars\maven-core-3.9.11.jar
2026-03-05 11:00:45,366 [Worker-1: Launching auth-app] INFO  o.eclipse.m2e.core.internal.Bundles - 	Entry: D:\STS\Software\sts-5.0.1.RELEASE\plugins\org.eclipse.m2e.maven.runtime_3.9.1101.20251020-1549\jars\maven-embedder-3.9.11.jar
2026-03-05 11:00:45,366 [Worker-1: Launching auth-app] INFO  o.eclipse.m2e.core.internal.Bundles - 	Entry: D:\STS\Software\sts-5.0.1.RELEASE\plugins\org.eclipse.m2e.maven.runtime_3.9.1101.20251020-1549\jars\maven-model-3.9.11.jar
2026-03-05 11:00:45,366 [Worker-1: Launching auth-app] INFO  o.eclipse.m2e.core.internal.Bundles - 	Entry: D:\STS\Software\sts-5.0.1.RELEASE\plugins\org.eclipse.m2e.maven.runtime_3.9.1101.20251020-1549\jars\maven-model-builder-3.9.11.jar
2026-03-05 11:00:45,366 [Worker-1: Launching auth-app] INFO  o.eclipse.m2e.core.internal.Bundles - 	Entry: D:\STS\Software\sts-5.0.1.RELEASE\plugins\org.eclipse.m2e.maven.runtime_3.9.1101.20251020-1549\jars\maven-plugin-api-3.9.11.jar
2026-03-05 11:00:45,367 [Worker-1: Launching auth-app] INFO  o.eclipse.m2e.core.internal.Bundles - 	Entry: D:\STS\Software\sts-5.0.1.RELEASE\plugins\org.eclipse.m2e.maven.runtime_3.9.1101.20251020-1549\jars\maven-repository-metadata-3.9.11.jar
2026-03-05 11:00:45,367 [Worker-1: Launching auth-app] INFO  o.eclipse.m2e.core.internal.Bundles - 	Entry: D:\STS\Software\sts-5.0.1.RELEASE\plugins\org.eclipse.m2e.maven.runtime_3.9.1101.20251020-1549\jars\maven-resolver-api-1.9.24.jar
2026-03-05 11:00:45,367 [Worker-1: Launching auth-app] INFO  o.eclipse.m2e.core.internal.Bundles - 	Entry: D:\STS\Software\sts-5.0.1.RELEASE\plugins\org.eclipse.m2e.maven.runtime_3.9.1101.20251020-1549\jars\maven-resolver-connector-basic-1.9.24.jar
2026-03-05 11:00:45,367 [Worker-1: Launching auth-app] INFO  o.eclipse.m2e.core.internal.Bundles - 	Entry: D:\STS\Software\sts-5.0.1.RELEASE\plugins\org.eclipse.m2e.maven.runtime_3.9.1101.20251020-1549\jars\maven-resolver-impl-1.9.24.jar
2026-03-05 11:00:45,368 [Worker-1: Launching auth-app] INFO  o.eclipse.m2e.core.internal.Bundles - 	Entry: D:\STS\Software\sts-5.0.1.RELEASE\plugins\org.eclipse.m2e.maven.runtime_3.9.1101.20251020-1549\jars\maven-resolver-named-locks-1.9.24.jar
2026-03-05 11:00:45,368 [Worker-1: Launching auth-app] INFO  o.eclipse.m2e.core.internal.Bundles - 	Entry: D:\STS\Software\sts-5.0.1.RELEASE\plugins\org.eclipse.m2e.maven.runtime_3.9.1101.20251020-1549\jars\maven-resolver-provider-3.9.11.jar
2026-03-05 11:00:45,368 [Worker-1: Launching auth-app] INFO  o.eclipse.m2e.core.internal.Bundles - 	Entry: D:\STS\Software\sts-5.0.1.RELEASE\plugins\org.eclipse.m2e.maven.runtime_3.9.1101.20251020-1549\jars\maven-resolver-spi-1.9.24.jar
2026-03-05 11:00:45,368 [Worker-1: Launching auth-app] INFO  o.eclipse.m2e.core.internal.Bundles - 	Entry: D:\STS\Software\sts-5.0.1.RELEASE\plugins\org.eclipse.m2e.maven.runtime_3.9.1101.20251020-1549\jars\maven-resolver-transport-file-1.9.24.jar
2026-03-05 11:00:45,368 [Worker-1: Launching auth-app] INFO  o.eclipse.m2e.core.internal.Bundles - 	Entry: D:\STS\Software\sts-5.0.1.RELEASE\plugins\org.eclipse.m2e.maven.runtime_3.9.1101.20251020-1549\jars\maven-resolver-transport-http-1.9.24.jar
2026-03-05 11:00:45,369 [Worker-1: Launching auth-app] INFO  o.eclipse.m2e.core.internal.Bundles - 	Entry: D:\STS\Software\sts-5.0.1.RELEASE\plugins\org.eclipse.m2e.maven.runtime_3.9.1101.20251020-1549\jars\maven-resolver-transport-wagon-1.9.24.jar
2026-03-05 11:00:45,369 [Worker-1: Launching auth-app] INFO  o.eclipse.m2e.core.internal.Bundles - 	Entry: D:\STS\Software\sts-5.0.1.RELEASE\plugins\org.eclipse.m2e.maven.runtime_3.9.1101.20251020-1549\jars\maven-resolver-util-1.9.24.jar
2026-03-05 11:00:45,369 [Worker-1: Launching auth-app] INFO  o.eclipse.m2e.core.internal.Bundles - 	Entry: D:\STS\Software\sts-5.0.1.RELEASE\plugins\org.eclipse.m2e.maven.runtime_3.9.1101.20251020-1549\jars\maven-settings-3.9.11.jar
2026-03-05 11:00:45,369 [Worker-1: Launching auth-app] INFO  o.eclipse.m2e.core.internal.Bundles - 	Entry: D:\STS\Software\sts-5.0.1.RELEASE\plugins\org.eclipse.m2e.maven.runtime_3.9.1101.20251020-1549\jars\maven-settings-builder-3.9.11.jar
2026-03-05 11:00:45,369 [Worker-1: Launching auth-app] INFO  o.eclipse.m2e.core.internal.Bundles - 	Entry: D:\STS\Software\sts-5.0.1.RELEASE\plugins\org.eclipse.m2e.maven.runtime_3.9.1101.20251020-1549\jars\maven-shared-utils-3.4.2.jar
2026-03-05 11:00:45,369 [Worker-1: Launching auth-app] INFO  o.eclipse.m2e.core.internal.Bundles - 	Entry: D:\STS\Software\sts-5.0.1.RELEASE\plugins\org.eclipse.m2e.maven.runtime_3.9.1101.20251020-1549\jars\org.eclipse.sisu.inject-0.9.0.M4.jar
2026-03-05 11:00:45,370 [Worker-1: Launching auth-app] INFO  o.eclipse.m2e.core.internal.Bundles - 	Entry: D:\STS\Software\sts-5.0.1.RELEASE\plugins\org.eclipse.m2e.maven.runtime_3.9.1101.20251020-1549\jars\org.eclipse.sisu.plexus-0.9.0.M4.jar
2026-03-05 11:00:45,370 [Worker-1: Launching auth-app] INFO  o.eclipse.m2e.core.internal.Bundles - 	Entry: D:\STS\Software\sts-5.0.1.RELEASE\plugins\org.eclipse.m2e.maven.runtime_3.9.1101.20251020-1549\jars\plexus-build-api-0.0.7.jar
2026-03-05 11:00:45,370 [Worker-1: Launching auth-app] INFO  o.eclipse.m2e.core.internal.Bundles - 	Entry: D:\STS\Software\sts-5.0.1.RELEASE\plugins\org.eclipse.m2e.maven.runtime_3.9.1101.20251020-1549\jars\plexus-build-api-1.2.0.jar
2026-03-05 11:00:45,370 [Worker-1: Launching auth-app] INFO  o.eclipse.m2e.core.internal.Bundles - 	Entry: D:\STS\Software\sts-5.0.1.RELEASE\plugins\org.eclipse.m2e.maven.runtime_3.9.1101.20251020-1549\jars\plexus-cipher-2.0.jar
2026-03-05 11:00:45,370 [Worker-1: Launching auth-app] INFO  o.eclipse.m2e.core.internal.Bundles - 	Entry: D:\STS\Software\sts-5.0.1.RELEASE\plugins\org.eclipse.m2e.maven.runtime_3.9.1101.20251020-1549\jars\plexus-classworlds-2.9.0.jar
2026-03-05 11:00:45,370 [Worker-1: Launching auth-app] INFO  o.eclipse.m2e.core.internal.Bundles - 	Entry: D:\STS\Software\sts-5.0.1.RELEASE\plugins\org.eclipse.m2e.maven.runtime_3.9.1101.20251020-1549\jars\plexus-component-annotations-2.2.0.jar
2026-03-05 11:00:45,370 [Worker-1: Launching auth-app] INFO  o.eclipse.m2e.core.internal.Bundles - 	Entry: D:\STS\Software\sts-5.0.1.RELEASE\plugins\org.eclipse.m2e.maven.runtime_3.9.1101.20251020-1549\jars\plexus-interpolation-1.28.jar
2026-03-05 11:00:45,371 [Worker-1: Launching auth-app] INFO  o.eclipse.m2e.core.internal.Bundles - 	Entry: D:\STS\Software\sts-5.0.1.RELEASE\plugins\org.eclipse.m2e.maven.runtime_3.9.1101.20251020-1549\jars\plexus-sec-dispatcher-2.0.jar
2026-03-05 11:00:45,371 [Worker-1: Launching auth-app] INFO  o.eclipse.m2e.core.internal.Bundles - 	Entry: D:\STS\Software\sts-5.0.1.RELEASE\plugins\org.eclipse.m2e.maven.runtime_3.9.1101.20251020-1549\jars\plexus-utils-3.6.0.jar
2026-03-05 11:00:45,371 [Worker-1: Launching auth-app] INFO  o.eclipse.m2e.core.internal.Bundles - 	Entry: D:\STS\Software\sts-5.0.1.RELEASE\plugins\org.eclipse.m2e.maven.runtime_3.9.1101.20251020-1549\jars\wagon-file-3.5.3.jar
2026-03-05 11:00:45,371 [Worker-1: Launching auth-app] INFO  o.eclipse.m2e.core.internal.Bundles - 	Entry: D:\STS\Software\sts-5.0.1.RELEASE\plugins\org.eclipse.m2e.maven.runtime_3.9.1101.20251020-1549\jars\wagon-http-3.5.3.jar
2026-03-05 11:00:45,371 [Worker-1: Launching auth-app] INFO  o.eclipse.m2e.core.internal.Bundles - 	Entry: D:\STS\Software\sts-5.0.1.RELEASE\plugins\org.eclipse.m2e.maven.runtime_3.9.1101.20251020-1549\jars\wagon-http-shared-3.5.3.jar
2026-03-05 11:00:45,371 [Worker-1: Launching auth-app] INFO  o.eclipse.m2e.core.internal.Bundles - 	Entry: D:\STS\Software\sts-5.0.1.RELEASE\plugins\org.eclipse.m2e.maven.runtime_3.9.1101.20251020-1549\jars\wagon-provider-api-3.5.3.jar
2026-03-05 11:00:45,374 [Worker-1: Launching auth-app] INFO  o.eclipse.m2e.core.internal.Bundles - getClasspathEntries(Bundle=com.google.guava_33.5.0.jre [31])
2026-03-05 11:00:45,375 [Worker-1: Launching auth-app] INFO  o.eclipse.m2e.core.internal.Bundles - 	Entry: D:\STS\Software\sts-5.0.1.RELEASE\plugins\com.google.guava_33.5.0.jre.jar
2026-03-05 11:00:45,375 [Worker-1: Launching auth-app] INFO  o.eclipse.m2e.core.internal.Bundles - getClasspathEntries(Bundle=slf4j.api_2.0.17 [620])
2026-03-05 11:00:45,375 [Worker-1: Launching auth-app] INFO  o.eclipse.m2e.core.internal.Bundles - 	Entry: D:\STS\Software\sts-5.0.1.RELEASE\plugins\slf4j.api_2.0.17.jar
2026-03-05 11:00:45,376 [Worker-1: Launching auth-app] INFO  o.eclipse.m2e.core.internal.Bundles - getClasspathEntries(Bundle=jakarta.inject.jakarta.inject-api_1.0.5 [46])
2026-03-05 11:00:45,376 [Worker-1: Launching auth-app] INFO  o.eclipse.m2e.core.internal.Bundles - 	Entry: D:\STS\Software\sts-5.0.1.RELEASE\plugins\jakarta.inject.jakarta.inject-api_1.0.5.jar
2026-03-05 11:00:45,376 [Worker-1: Launching auth-app] INFO  o.eclipse.m2e.core.internal.Bundles - getClasspathEntries(Bundle=jakarta.annotation-api_1.3.5 [43])
2026-03-05 11:00:45,377 [Worker-1: Launching auth-app] INFO  o.eclipse.m2e.core.internal.Bundles - 	Entry: D:\STS\Software\sts-5.0.1.RELEASE\plugins\jakarta.annotation-api_1.3.5.jar
2026-03-05 11:00:45,377 [Worker-1: Launching auth-app] INFO  o.eclipse.m2e.core.internal.Bundles - getClasspathEntries(Bundle=org.apache.commons.cli_1.11.0 [85])
2026-03-05 11:00:45,377 [Worker-1: Launching auth-app] INFO  o.eclipse.m2e.core.internal.Bundles - 	Entry: D:\STS\Software\sts-5.0.1.RELEASE\plugins\org.apache.commons.cli_1.11.0.jar
2026-03-05 11:00:45,377 [Worker-1: Launching auth-app] INFO  o.eclipse.m2e.core.internal.Bundles - getClasspathEntries(Bundle=org.apache.commons.commons-codec_1.20.0 [87])
2026-03-05 11:00:45,378 [Worker-1: Launching auth-app] INFO  o.eclipse.m2e.core.internal.Bundles - 	Entry: D:\STS\Software\sts-5.0.1.RELEASE\plugins\org.apache.commons.commons-codec_1.20.0.jar
2026-03-05 11:00:45,378 [Worker-1: Launching auth-app] INFO  o.eclipse.m2e.core.internal.Bundles - getClasspathEntries(Bundle=com.google.guava.failureaccess_1.0.3 [32])
2026-03-05 11:00:45,379 [Worker-1: Launching auth-app] INFO  o.eclipse.m2e.core.internal.Bundles - 	Entry: D:\STS\Software\sts-5.0.1.RELEASE\plugins\com.google.guava.failureaccess_1.0.3.jar
2026-03-05 11:00:45,383 [Worker-1: Launching auth-app] INFO  o.e.m.i.launch.MavenLaunchDelegate - Run build in "D:\Presentation\MSPresentation\auth-app":
2026-03-05 11:00:45,389 [Worker-1: Launching auth-app] INFO  o.e.m.i.launch.MavenLaunchDelegate -  mvn  -B -Dstyle.color=always clean install
2026-03-05 11:00:59,887 [main] INFO  o.e.m2e.actions.ExecutePomAction - Creating new launch configuration
2026-03-05 11:01:17,493 [Worker-6: Launching card-service] INFO  o.eclipse.m2e.core.internal.Bundles - getClasspathEntries(Bundle=org.eclipse.m2e.maven.runtime_3.9.1101.20251020-1549 [372])
2026-03-05 11:01:17,494 [Worker-6: Launching card-service] INFO  o.eclipse.m2e.core.internal.Bundles - 	Entry: D:\STS\Software\sts-5.0.1.RELEASE\plugins\org.eclipse.m2e.maven.runtime_3.9.1101.20251020-1549
2026-03-05 11:01:17,494 [Worker-6: Launching card-service] INFO  o.eclipse.m2e.core.internal.Bundles - 	Entry: D:\STS\Software\sts-5.0.1.RELEASE\plugins\org.eclipse.m2e.maven.runtime_3.9.1101.20251020-1549\jars\aopalliance-1.0.jar
2026-03-05 11:01:17,494 [Worker-6: Launching card-service] INFO  o.eclipse.m2e.core.internal.Bundles - 	Entry: D:\STS\Software\sts-5.0.1.RELEASE\plugins\org.eclipse.m2e.maven.runtime_3.9.1101.20251020-1549\jars\asm-9.8.jar
2026-03-05 11:01:17,494 [Worker-6: Launching card-service] INFO  o.eclipse.m2e.core.internal.Bundles - 	Entry: D:\STS\Software\sts-5.0.1.RELEASE\plugins\org.eclipse.m2e.maven.runtime_3.9.1101.20251020-1549\jars\error_prone_annotations-2.38.0.jar
2026-03-05 11:01:17,494 [Worker-6: Launching card-service] INFO  o.eclipse.m2e.core.internal.Bundles - 	Entry: D:\STS\Software\sts-5.0.1.RELEASE\plugins\org.eclipse.m2e.maven.runtime_3.9.1101.20251020-1549\jars\gson-2.13.1.jar
2026-03-05 11:01:17,495 [Worker-6: Launching card-service] INFO  o.eclipse.m2e.core.internal.Bundles - 	Entry: D:\STS\Software\sts-5.0.1.RELEASE\plugins\org.eclipse.m2e.maven.runtime_3.9.1101.20251020-1549\jars\guice-5.1.0-classes.jar
2026-03-05 11:01:17,495 [Worker-6: Launching card-service] INFO  o.eclipse.m2e.core.internal.Bundles - 	Entry: D:\STS\Software\sts-5.0.1.RELEASE\plugins\org.eclipse.m2e.maven.runtime_3.9.1101.20251020-1549\jars\httpclient-4.5.14.jar
2026-03-05 11:01:17,495 [Worker-6: Launching card-service] INFO  o.eclipse.m2e.core.internal.Bundles - 	Entry: D:\STS\Software\sts-5.0.1.RELEASE\plugins\org.eclipse.m2e.maven.runtime_3.9.1101.20251020-1549\jars\httpcore-4.4.16.jar
2026-03-05 11:01:17,495 [Worker-6: Launching card-service] INFO  o.eclipse.m2e.core.internal.Bundles - 	Entry: D:\STS\Software\sts-5.0.1.RELEASE\plugins\org.eclipse.m2e.maven.runtime_3.9.1101.20251020-1549\jars\jansi-2.4.2.jar
2026-03-05 11:01:17,495 [Worker-6: Launching card-service] INFO  o.eclipse.m2e.core.internal.Bundles - 	Entry: D:\STS\Software\sts-5.0.1.RELEASE\plugins\org.eclipse.m2e.maven.runtime_3.9.1101.20251020-1549\jars\jcl-over-slf4j-1.7.36.jar
2026-03-05 11:01:17,495 [Worker-6: Launching card-service] INFO  o.eclipse.m2e.core.internal.Bundles - 	Entry: D:\STS\Software\sts-5.0.1.RELEASE\plugins\org.eclipse.m2e.maven.runtime_3.9.1101.20251020-1549\jars\maven-artifact-3.9.11.jar
2026-03-05 11:01:17,495 [Worker-6: Launching card-service] INFO  o.eclipse.m2e.core.internal.Bundles - 	Entry: D:\STS\Software\sts-5.0.1.RELEASE\plugins\org.eclipse.m2e.maven.runtime_3.9.1101.20251020-1549\jars\maven-builder-support-3.9.11.jar
2026-03-05 11:01:17,495 [Worker-6: Launching card-service] INFO  o.eclipse.m2e.core.internal.Bundles - 	Entry: D:\STS\Software\sts-5.0.1.RELEASE\plugins\org.eclipse.m2e.maven.runtime_3.9.1101.20251020-1549\jars\maven-compat-3.9.11.jar
2026-03-05 11:01:17,495 [Worker-6: Launching card-service] INFO  o.eclipse.m2e.core.internal.Bundles - 	Entry: D:\STS\Software\sts-5.0.1.RELEASE\plugins\org.eclipse.m2e.maven.runtime_3.9.1101.20251020-1549\jars\maven-core-3.9.11.jar
2026-03-05 11:01:17,495 [Worker-6: Launching card-service] INFO  o.eclipse.m2e.core.internal.Bundles - 	Entry: D:\STS\Software\sts-5.0.1.RELEASE\plugins\org.eclipse.m2e.maven.runtime_3.9.1101.20251020-1549\jars\maven-embedder-3.9.11.jar
2026-03-05 11:01:17,496 [Worker-6: Launching card-service] INFO  o.eclipse.m2e.core.internal.Bundles - 	Entry: D:\STS\Software\sts-5.0.1.RELEASE\plugins\org.eclipse.m2e.maven.runtime_3.9.1101.20251020-1549\jars\maven-model-3.9.11.jar
2026-03-05 11:01:17,496 [Worker-6: Launching card-service] INFO  o.eclipse.m2e.core.internal.Bundles - 	Entry: D:\STS\Software\sts-5.0.1.RELEASE\plugins\org.eclipse.m2e.maven.runtime_3.9.1101.20251020-1549\jars\maven-model-builder-3.9.11.jar
2026-03-05 11:01:17,496 [Worker-6: Launching card-service] INFO  o.eclipse.m2e.core.internal.Bundles - 	Entry: D:\STS\Software\sts-5.0.1.RELEASE\plugins\org.eclipse.m2e.maven.runtime_3.9.1101.20251020-1549\jars\maven-plugin-api-3.9.11.jar
2026-03-05 11:01:17,496 [Worker-6: Launching card-service] INFO  o.eclipse.m2e.core.internal.Bundles - 	Entry: D:\STS\Software\sts-5.0.1.RELEASE\plugins\org.eclipse.m2e.maven.runtime_3.9.1101.20251020-1549\jars\maven-repository-metadata-3.9.11.jar
2026-03-05 11:01:17,496 [Worker-6: Launching card-service] INFO  o.eclipse.m2e.core.internal.Bundles - 	Entry: D:\STS\Software\sts-5.0.1.RELEASE\plugins\org.eclipse.m2e.maven.runtime_3.9.1101.20251020-1549\jars\maven-resolver-api-1.9.24.jar
2026-03-05 11:01:17,496 [Worker-6: Launching card-service] INFO  o.eclipse.m2e.core.internal.Bundles - 	Entry: D:\STS\Software\sts-5.0.1.RELEASE\plugins\org.eclipse.m2e.maven.runtime_3.9.1101.20251020-1549\jars\maven-resolver-connector-basic-1.9.24.jar
2026-03-05 11:01:17,497 [Worker-6: Launching card-service] INFO  o.eclipse.m2e.core.internal.Bundles - 	Entry: D:\STS\Software\sts-5.0.1.RELEASE\plugins\org.eclipse.m2e.maven.runtime_3.9.1101.20251020-1549\jars\maven-resolver-impl-1.9.24.jar
2026-03-05 11:01:17,497 [Worker-6: Launching card-service] INFO  o.eclipse.m2e.core.internal.Bundles - 	Entry: D:\STS\Software\sts-5.0.1.RELEASE\plugins\org.eclipse.m2e.maven.runtime_3.9.1101.20251020-1549\jars\maven-resolver-named-locks-1.9.24.jar
2026-03-05 11:01:17,497 [Worker-6: Launching card-service] INFO  o.eclipse.m2e.core.internal.Bundles - 	Entry: D:\STS\Software\sts-5.0.1.RELEASE\plugins\org.eclipse.m2e.maven.runtime_3.9.1101.20251020-1549\jars\maven-resolver-provider-3.9.11.jar
2026-03-05 11:01:17,497 [Worker-6: Launching card-service] INFO  o.eclipse.m2e.core.internal.Bundles - 	Entry: D:\STS\Software\sts-5.0.1.RELEASE\plugins\org.eclipse.m2e.maven.runtime_3.9.1101.20251020-1549\jars\maven-resolver-spi-1.9.24.jar
2026-03-05 11:01:17,497 [Worker-6: Launching card-service] INFO  o.eclipse.m2e.core.internal.Bundles - 	Entry: D:\STS\Software\sts-5.0.1.RELEASE\plugins\org.eclipse.m2e.maven.runtime_3.9.1101.20251020-1549\jars\maven-resolver-transport-file-1.9.24.jar
2026-03-05 11:01:17,498 [Worker-6: Launching card-service] INFO  o.eclipse.m2e.core.internal.Bundles - 	Entry: D:\STS\Software\sts-5.0.1.RELEASE\plugins\org.eclipse.m2e.maven.runtime_3.9.1101.20251020-1549\jars\maven-resolver-transport-http-1.9.24.jar
2026-03-05 11:01:17,498 [Worker-6: Launching card-service] INFO  o.eclipse.m2e.core.internal.Bundles - 	Entry: D:\STS\Software\sts-5.0.1.RELEASE\plugins\org.eclipse.m2e.maven.runtime_3.9.1101.20251020-1549\jars\maven-resolver-transport-wagon-1.9.24.jar
2026-03-05 11:01:17,498 [Worker-6: Launching card-service] INFO  o.eclipse.m2e.core.internal.Bundles - 	Entry: D:\STS\Software\sts-5.0.1.RELEASE\plugins\org.eclipse.m2e.maven.runtime_3.9.1101.20251020-1549\jars\maven-resolver-util-1.9.24.jar
2026-03-05 11:01:17,498 [Worker-6: Launching card-service] INFO  o.eclipse.m2e.core.internal.Bundles - 	Entry: D:\STS\Software\sts-5.0.1.RELEASE\plugins\org.eclipse.m2e.maven.runtime_3.9.1101.20251020-1549\jars\maven-settings-3.9.11.jar
2026-03-05 11:01:17,498 [Worker-6: Launching card-service] INFO  o.eclipse.m2e.core.internal.Bundles - 	Entry: D:\STS\Software\sts-5.0.1.RELEASE\plugins\org.eclipse.m2e.maven.runtime_3.9.1101.20251020-1549\jars\maven-settings-builder-3.9.11.jar
2026-03-05 11:01:17,498 [Worker-6: Launching card-service] INFO  o.eclipse.m2e.core.internal.Bundles - 	Entry: D:\STS\Software\sts-5.0.1.RELEASE\plugins\org.eclipse.m2e.maven.runtime_3.9.1101.20251020-1549\jars\maven-shared-utils-3.4.2.jar
2026-03-05 11:01:17,498 [Worker-6: Launching card-service] INFO  o.eclipse.m2e.core.internal.Bundles - 	Entry: D:\STS\Software\sts-5.0.1.RELEASE\plugins\org.eclipse.m2e.maven.runtime_3.9.1101.20251020-1549\jars\org.eclipse.sisu.inject-0.9.0.M4.jar
2026-03-05 11:01:17,498 [Worker-6: Launching card-service] INFO  o.eclipse.m2e.core.internal.Bundles - 	Entry: D:\STS\Software\sts-5.0.1.RELEASE\plugins\org.eclipse.m2e.maven.runtime_3.9.1101.20251020-1549\jars\org.eclipse.sisu.plexus-0.9.0.M4.jar
2026-03-05 11:01:17,498 [Worker-6: Launching card-service] INFO  o.eclipse.m2e.core.internal.Bundles - 	Entry: D:\STS\Software\sts-5.0.1.RELEASE\plugins\org.eclipse.m2e.maven.runtime_3.9.1101.20251020-1549\jars\plexus-build-api-0.0.7.jar
2026-03-05 11:01:17,499 [Worker-6: Launching card-service] INFO  o.eclipse.m2e.core.internal.Bundles - 	Entry: D:\STS\Software\sts-5.0.1.RELEASE\plugins\org.eclipse.m2e.maven.runtime_3.9.1101.20251020-1549\jars\plexus-build-api-1.2.0.jar
2026-03-05 11:01:17,499 [Worker-6: Launching card-service] INFO  o.eclipse.m2e.core.internal.Bundles - 	Entry: D:\STS\Software\sts-5.0.1.RELEASE\plugins\org.eclipse.m2e.maven.runtime_3.9.1101.20251020-1549\jars\plexus-cipher-2.0.jar
2026-03-05 11:01:17,500 [Worker-6: Launching card-service] INFO  o.eclipse.m2e.core.internal.Bundles - 	Entry: D:\STS\Software\sts-5.0.1.RELEASE\plugins\org.eclipse.m2e.maven.runtime_3.9.1101.20251020-1549\jars\plexus-classworlds-2.9.0.jar
2026-03-05 11:01:17,500 [Worker-6: Launching card-service] INFO  o.eclipse.m2e.core.internal.Bundles - 	Entry: D:\STS\Software\sts-5.0.1.RELEASE\plugins\org.eclipse.m2e.maven.runtime_3.9.1101.20251020-1549\jars\plexus-component-annotations-2.2.0.jar
2026-03-05 11:01:17,500 [Worker-6: Launching card-service] INFO  o.eclipse.m2e.core.internal.Bundles - 	Entry: D:\STS\Software\sts-5.0.1.RELEASE\plugins\org.eclipse.m2e.maven.runtime_3.9.1101.20251020-1549\jars\plexus-interpolation-1.28.jar
2026-03-05 11:01:17,500 [Worker-6: Launching card-service] INFO  o.eclipse.m2e.core.internal.Bundles - 	Entry: D:\STS\Software\sts-5.0.1.RELEASE\plugins\org.eclipse.m2e.maven.runtime_3.9.1101.20251020-1549\jars\plexus-sec-dispatcher-2.0.jar
2026-03-05 11:01:17,500 [Worker-6: Launching card-service] INFO  o.eclipse.m2e.core.internal.Bundles - 	Entry: D:\STS\Software\sts-5.0.1.RELEASE\plugins\org.eclipse.m2e.maven.runtime_3.9.1101.20251020-1549\jars\plexus-utils-3.6.0.jar
2026-03-05 11:01:17,501 [Worker-6: Launching card-service] INFO  o.eclipse.m2e.core.internal.Bundles - 	Entry: D:\STS\Software\sts-5.0.1.RELEASE\plugins\org.eclipse.m2e.maven.runtime_3.9.1101.20251020-1549\jars\wagon-file-3.5.3.jar
2026-03-05 11:01:17,501 [Worker-6: Launching card-service] INFO  o.eclipse.m2e.core.internal.Bundles - 	Entry: D:\STS\Software\sts-5.0.1.RELEASE\plugins\org.eclipse.m2e.maven.runtime_3.9.1101.20251020-1549\jars\wagon-http-3.5.3.jar
2026-03-05 11:01:17,501 [Worker-6: Launching card-service] INFO  o.eclipse.m2e.core.internal.Bundles - 	Entry: D:\STS\Software\sts-5.0.1.RELEASE\plugins\org.eclipse.m2e.maven.runtime_3.9.1101.20251020-1549\jars\wagon-http-shared-3.5.3.jar
2026-03-05 11:01:17,501 [Worker-6: Launching card-service] INFO  o.eclipse.m2e.core.internal.Bundles - 	Entry: D:\STS\Software\sts-5.0.1.RELEASE\plugins\org.eclipse.m2e.maven.runtime_3.9.1101.20251020-1549\jars\wagon-provider-api-3.5.3.jar
2026-03-05 11:01:17,502 [Worker-6: Launching card-service] INFO  o.eclipse.m2e.core.internal.Bundles - getClasspathEntries(Bundle=com.google.guava_33.5.0.jre [31])
2026-03-05 11:01:17,503 [Worker-6: Launching card-service] INFO  o.eclipse.m2e.core.internal.Bundles - 	Entry: D:\STS\Software\sts-5.0.1.RELEASE\plugins\com.google.guava_33.5.0.jre.jar
2026-03-05 11:01:17,503 [Worker-6: Launching card-service] INFO  o.eclipse.m2e.core.internal.Bundles - getClasspathEntries(Bundle=slf4j.api_2.0.17 [620])
2026-03-05 11:01:17,504 [Worker-6: Launching card-service] INFO  o.eclipse.m2e.core.internal.Bundles - 	Entry: D:\STS\Software\sts-5.0.1.RELEASE\plugins\slf4j.api_2.0.17.jar
2026-03-05 11:01:17,504 [Worker-6: Launching card-service] INFO  o.eclipse.m2e.core.internal.Bundles - getClasspathEntries(Bundle=jakarta.inject.jakarta.inject-api_1.0.5 [46])
2026-03-05 11:01:17,505 [Worker-6: Launching card-service] INFO  o.eclipse.m2e.core.internal.Bundles - 	Entry: D:\STS\Software\sts-5.0.1.RELEASE\plugins\jakarta.inject.jakarta.inject-api_1.0.5.jar
2026-03-05 11:01:17,505 [Worker-6: Launching card-service] INFO  o.eclipse.m2e.core.internal.Bundles - getClasspathEntries(Bundle=jakarta.annotation-api_1.3.5 [43])
2026-03-05 11:01:17,506 [Worker-6: Launching card-service] INFO  o.eclipse.m2e.core.internal.Bundles - 	Entry: D:\STS\Software\sts-5.0.1.RELEASE\plugins\jakarta.annotation-api_1.3.5.jar
2026-03-05 11:01:17,506 [Worker-6: Launching card-service] INFO  o.eclipse.m2e.core.internal.Bundles - getClasspathEntries(Bundle=org.apache.commons.cli_1.11.0 [85])
2026-03-05 11:01:17,506 [Worker-6: Launching card-service] INFO  o.eclipse.m2e.core.internal.Bundles - 	Entry: D:\STS\Software\sts-5.0.1.RELEASE\plugins\org.apache.commons.cli_1.11.0.jar
2026-03-05 11:01:17,507 [Worker-6: Launching card-service] INFO  o.eclipse.m2e.core.internal.Bundles - getClasspathEntries(Bundle=org.apache.commons.commons-codec_1.20.0 [87])
2026-03-05 11:01:17,507 [Worker-6: Launching card-service] INFO  o.eclipse.m2e.core.internal.Bundles - 	Entry: D:\STS\Software\sts-5.0.1.RELEASE\plugins\org.apache.commons.commons-codec_1.20.0.jar
2026-03-05 11:01:17,507 [Worker-6: Launching card-service] INFO  o.eclipse.m2e.core.internal.Bundles - getClasspathEntries(Bundle=com.google.guava.failureaccess_1.0.3 [32])
2026-03-05 11:01:17,508 [Worker-6: Launching card-service] INFO  o.eclipse.m2e.core.internal.Bundles - 	Entry: D:\STS\Software\sts-5.0.1.RELEASE\plugins\com.google.guava.failureaccess_1.0.3.jar
2026-03-05 11:01:17,510 [Worker-6: Launching card-service] INFO  o.e.m.i.launch.MavenLaunchDelegate - Run build in "D:\Presentation\MSPresentation\card-service":
2026-03-05 11:01:17,510 [Worker-6: Launching card-service] INFO  o.e.m.i.launch.MavenLaunchDelegate -  mvn  -B -Dstyle.color=always clean install
